<?xml version="1.0" encoding="UTF-8"?>
<testng-results skipped="0" failed="0" ignored="0" total="1" passed="1">
  <reporter-output>
  </reporter-output>
  <suite name="Default suite" duration-ms="27946" started-at="2017-06-07T01:54:47Z" finished-at="2017-06-07T01:55:15Z">
    <groups>
    </groups>
    <test name="Default test" duration-ms="27946" started-at="2017-06-07T01:54:47Z" finished-at="2017-06-07T01:55:15Z">
      <class name="SeleniumAutomationPackage.TC003">
        <test-method status="PASS" signature="testCase3()[pri:0, instance:SeleniumAutomationPackage.TC003@29774679]" name="testCase3" duration-ms="27929" started-at="2017-06-06T21:54:47Z" finished-at="2017-06-06T21:55:15Z">
          <reporter-output>
          </reporter-output>
        </test-method> <!-- testCase3 -->
      </class> <!-- SeleniumAutomationPackage.TC003 -->
    </test> <!-- Default test -->
  </suite> <!-- Default suite -->
</testng-results>
