<?xml version="1.0" encoding="UTF-8"?>
<!-- Generated by org.testng.reporters.JUnitXMLReporter -->
<testsuite hostname="Aletek-PC" ignored="0" name="Test" tests="3" failures="0" timestamp="07 Jun 2017 01:59:04 GMT" time="89.074" errors="0">
  <testcase name="testCase2" time="32.753" classname="SeleniumAutomationPackage.TC002"/>
  <testcase name="testCase3" time="29.422" classname="SeleniumAutomationPackage.TC003"/>
  <testcase name="testCase1" time="26.889" classname="SeleniumAutomationPackage.TC001"/>
</testsuite> <!-- Test -->
